<?xml version="1.0" encoding="UTF-8"?>
<!-- Generated by org.testng.reporters.JUnitReportReporter -->
<testsuite skipped="4" hostname="DESKTOP-CSB55GA" name="DemoProj.Demo.AutomationpractTest" tests="11" failures="0" timestamp="29 Mar 2021 20:08:39 GMT" time="20.129" errors="0">
  <testcase name="getTocken" time="3.511" classname="DemoProj.Demo.AutomationpractTest"/>
  <testcase name="verifyHomepageDetails" time="0.183" classname="DemoProj.Demo.AutomationpractTest"/>
  <testcase name="validateSignIn" time="4.782" classname="DemoProj.Demo.AutomationpractTest"/>
  <testcase name="verifyPagesearch" time="2.416" classname="DemoProj.Demo.AutomationpractTest"/>
  <testcase name="validateSelectitem" time="2.409" classname="DemoProj.Demo.AutomationpractTest"/>
  <testcase name="verifyItemdeatils" time="0.323" classname="DemoProj.Demo.AutomationpractTest"/>
  <testcase name="validateAddtocart" time="6.505" classname="DemoProj.Demo.AutomationpractTest"/>
  <testcase name="addPlace" classname="DemoProj.Demo.AutomationpractTest">
    <skipped/>
  </testcase> <!-- addPlace -->
  <testcase name="deletePlace" classname="DemoProj.Demo.AutomationpractTest">
    <skipped/>
  </testcase> <!-- deletePlace -->
  <testcase name="getPlace" classname="DemoProj.Demo.AutomationpractTest">
    <skipped/>
  </testcase> <!-- getPlace -->
  <testcase name="updatePlace" classname="DemoProj.Demo.AutomationpractTest">
    <skipped/>
  </testcase> <!-- updatePlace -->
</testsuite> <!-- DemoProj.Demo.AutomationpractTest -->
