<?xml version="1.0" encoding="UTF-8"?>
<!-- Generated by org.testng.reporters.JUnitReportReporter -->
<testsuite skipped="4" hostname="DESKTOP-CSB55GA" name="DemoProj.Demo.AutomationpractTest" tests="11" failures="0" timestamp="02 Apr 2021 13:22:51 GMT" time="30.457" errors="0">
  <testcase name="getTocken" time="8.414" classname="DemoProj.Demo.AutomationpractTest"/>
  <testcase name="verifyHomepageDetails" time="0.186" classname="DemoProj.Demo.AutomationpractTest"/>
  <testcase name="validateSignIn" time="4.705" classname="DemoProj.Demo.AutomationpractTest"/>
  <testcase name="verifyPagesearch" time="2.421" classname="DemoProj.Demo.AutomationpractTest"/>
  <testcase name="validateSelectitem" time="2.733" classname="DemoProj.Demo.AutomationpractTest"/>
  <testcase name="verifyItemdeatils" time="0.383" classname="DemoProj.Demo.AutomationpractTest"/>
  <testcase name="validateAddtocart" time="11.615" classname="DemoProj.Demo.AutomationpractTest"/>
  <testcase name="addPlace" classname="DemoProj.Demo.AutomationpractTest">
    <skipped/>
  </testcase> <!-- addPlace -->
  <testcase name="deletePlace" classname="DemoProj.Demo.AutomationpractTest">
    <skipped/>
  </testcase> <!-- deletePlace -->
  <testcase name="getPlace" classname="DemoProj.Demo.AutomationpractTest">
    <skipped/>
  </testcase> <!-- getPlace -->
  <testcase name="updatePlace" classname="DemoProj.Demo.AutomationpractTest">
    <skipped/>
  </testcase> <!-- updatePlace -->
</testsuite> <!-- DemoProj.Demo.AutomationpractTest -->
