<?xml version="1.0" encoding="UTF-8"?>
<!-- Generated by org.testng.reporters.JUnitReportReporter -->
<testsuite skipped="4" hostname="ARPGL004406" name="DemoProj.Demo.AutomationpractTest" tests="11" failures="0" timestamp="2021-04-07T15:53:05 IST" time="24.420" errors="0">
  <testcase name="getTocken" time="1.483" classname="DemoProj.Demo.AutomationpractTest"/>
  <system-out/>
  <testcase name="verifyHomepageDetails" time="0.099" classname="DemoProj.Demo.AutomationpractTest"/>
  <system-out/>
  <testcase name="validateSignIn" time="7.158" classname="DemoProj.Demo.AutomationpractTest"/>
  <system-out/>
  <testcase name="verifyPagesearch" time="2.177" classname="DemoProj.Demo.AutomationpractTest"/>
  <system-out/>
  <testcase name="validateSelectitem" time="3.208" classname="DemoProj.Demo.AutomationpractTest"/>
  <system-out/>
  <testcase name="verifyItemdeatils" time="0.110" classname="DemoProj.Demo.AutomationpractTest"/>
  <system-out/>
  <testcase name="validateAddtocart" time="10.185" classname="DemoProj.Demo.AutomationpractTest"/>
  <system-out/>
  <testcase name="addPlace" classname="DemoProj.Demo.AutomationpractTest">
    <skipped/>
  </testcase> <!-- addPlace -->
  <system-out/>
  <testcase name="deletePlace" classname="DemoProj.Demo.AutomationpractTest">
    <skipped/>
  </testcase> <!-- deletePlace -->
  <system-out/>
  <testcase name="getPlace" classname="DemoProj.Demo.AutomationpractTest">
    <skipped/>
  </testcase> <!-- getPlace -->
  <system-out/>
  <testcase name="updatePlace" classname="DemoProj.Demo.AutomationpractTest">
    <skipped/>
  </testcase> <!-- updatePlace -->
  <system-out/>
</testsuite> <!-- DemoProj.Demo.AutomationpractTest -->
