<?xml version="1.0" encoding="UTF-8"?>
<!-- Generated by org.testng.reporters.JUnitReportReporter -->
<testsuite skipped="4" hostname="ARPGL004406" name="DemoProj.Demo.AutomationpractTest" tests="13" failures="0" timestamp="2021-04-23T12:20:50 IST" time="32.641" errors="0">
  <testcase name="getTocken" time="1.478" classname="DemoProj.Demo.AutomationpractTest"/>
  <system-out/>
  <testcase name="verifyHomepageDetails" time="0.132" classname="DemoProj.Demo.AutomationpractTest"/>
  <system-out/>
  <testcase name="validateSignIn" time="7.626" classname="DemoProj.Demo.AutomationpractTest"/>
  <system-out/>
  <testcase name="verifyPageSearch" time="5.519" classname="DemoProj.Demo.AutomationpractTest"/>
  <system-out/>
  <testcase name="validateSelectItem" time="5.309" classname="DemoProj.Demo.AutomationpractTest"/>
  <system-out/>
  <testcase name="enterItemDetails" time="0.272" classname="DemoProj.Demo.AutomationpractTest"/>
  <system-out/>
  <testcase name="validateAddtocart" time="9.599" classname="DemoProj.Demo.AutomationpractTest"/>
  <system-out/>
  <testcase name="validateCartSummary" time="0.082" classname="DemoProj.Demo.AutomationpractTest"/>
  <system-out/>
  <testcase name="validateSignout" time="2.624" classname="DemoProj.Demo.AutomationpractTest"/>
  <system-out/>
  <testcase name="addPlace" classname="DemoProj.Demo.AutomationpractTest">
    <skipped/>
  </testcase> <!-- addPlace -->
  <system-out/>
  <testcase name="deletePlace" classname="DemoProj.Demo.AutomationpractTest">
    <skipped/>
  </testcase> <!-- deletePlace -->
  <system-out/>
  <testcase name="getPlace" classname="DemoProj.Demo.AutomationpractTest">
    <skipped/>
  </testcase> <!-- getPlace -->
  <system-out/>
  <testcase name="updatePlace" classname="DemoProj.Demo.AutomationpractTest">
    <skipped/>
  </testcase> <!-- updatePlace -->
  <system-out/>
</testsuite> <!-- DemoProj.Demo.AutomationpractTest -->
