<?xml version="1.0" encoding="UTF-8"?>
<!-- Generated by org.testng.reporters.JUnitReportReporter -->
<testsuite skipped="4" hostname="DESKTOP-CSB55GA" name="DemoProj.Demo.AutomationpractTest" tests="11" failures="0" timestamp="2021-04-06T12:43:15 IST" time="35.735" errors="0">
  <testcase name="getTocken" time="7.900" classname="DemoProj.Demo.AutomationpractTest"/>
  <system-out/>
  <testcase name="verifyHomepageDetails" time="0.247" classname="DemoProj.Demo.AutomationpractTest"/>
  <system-out/>
  <testcase name="validateSignIn" time="5.502" classname="DemoProj.Demo.AutomationpractTest"/>
  <system-out/>
  <testcase name="verifyPagesearch" time="2.034" classname="DemoProj.Demo.AutomationpractTest"/>
  <system-out/>
  <testcase name="validateSelectitem" time="3.798" classname="DemoProj.Demo.AutomationpractTest"/>
  <system-out/>
  <testcase name="verifyItemdeatils" time="0.326" classname="DemoProj.Demo.AutomationpractTest"/>
  <system-out/>
  <testcase name="validateAddtocart" time="15.928" classname="DemoProj.Demo.AutomationpractTest"/>
  <system-out/>
  <testcase name="addPlace" classname="DemoProj.Demo.AutomationpractTest">
    <skipped/>
  </testcase> <!-- addPlace -->
  <system-out/>
  <testcase name="deletePlace" classname="DemoProj.Demo.AutomationpractTest">
    <skipped/>
  </testcase> <!-- deletePlace -->
  <system-out/>
  <testcase name="getPlace" classname="DemoProj.Demo.AutomationpractTest">
    <skipped/>
  </testcase> <!-- getPlace -->
  <system-out/>
  <testcase name="updatePlace" classname="DemoProj.Demo.AutomationpractTest">
    <skipped/>
  </testcase> <!-- updatePlace -->
  <system-out/>
</testsuite> <!-- DemoProj.Demo.AutomationpractTest -->
