<?xml version="1.0" encoding="UTF-8"?>
<!-- Generated by org.testng.reporters.JUnitReportReporter -->
<testsuite skipped="4" hostname="DESKTOP-CSB55GA" name="DemoProj.Demo.AutomationpractTest" tests="5" failures="0" timestamp="2021-03-30T01:45:10 IST" time="3.825" errors="0">
  <testcase name="getTocken" time="3.825" classname="DemoProj.Demo.AutomationpractTest"/>
  <system-out/>
  <testcase name="addPlace" classname="DemoProj.Demo.AutomationpractTest">
    <skipped/>
  </testcase> <!-- addPlace -->
  <system-out/>
  <testcase name="deletePlace" classname="DemoProj.Demo.AutomationpractTest">
    <skipped/>
  </testcase> <!-- deletePlace -->
  <system-out/>
  <testcase name="getPlace" classname="DemoProj.Demo.AutomationpractTest">
    <skipped/>
  </testcase> <!-- getPlace -->
  <system-out/>
  <testcase name="updatePlace" classname="DemoProj.Demo.AutomationpractTest">
    <skipped/>
  </testcase> <!-- updatePlace -->
  <system-out/>
</testsuite> <!-- DemoProj.Demo.AutomationpractTest -->
