<?xml version="1.0" encoding="UTF-8"?>
<!-- Generated by org.testng.reporters.JUnitReportReporter -->
<testsuite skipped="4" hostname="ARPGL004406" name="DemoProj.Demo.AutomationpractTest" tests="11" failures="0" timestamp="2021-04-22T12:30:15 IST" time="22.903" errors="0">
  <testcase name="getTocken" time="1.218" classname="DemoProj.Demo.AutomationpractTest"/>
  <system-out/>
  <testcase name="verifyHomepageDetails" time="0.172" classname="DemoProj.Demo.AutomationpractTest"/>
  <system-out/>
  <testcase name="validateSignIn" time="4.748" classname="DemoProj.Demo.AutomationpractTest"/>
  <system-out/>
  <testcase name="verifyPagesearch" time="2.571" classname="DemoProj.Demo.AutomationpractTest"/>
  <system-out/>
  <testcase name="validateSelectitem" time="3.449" classname="DemoProj.Demo.AutomationpractTest"/>
  <system-out/>
  <testcase name="verifyItemdeatils" time="0.337" classname="DemoProj.Demo.AutomationpractTest"/>
  <system-out/>
  <testcase name="validateAddtocart" time="10.408" classname="DemoProj.Demo.AutomationpractTest"/>
  <system-out/>
  <testcase name="addPlace" classname="DemoProj.Demo.AutomationpractTest">
    <skipped/>
  </testcase> <!-- addPlace -->
  <system-out/>
  <testcase name="deletePlace" classname="DemoProj.Demo.AutomationpractTest">
    <skipped/>
  </testcase> <!-- deletePlace -->
  <system-out/>
  <testcase name="getPlace" classname="DemoProj.Demo.AutomationpractTest">
    <skipped/>
  </testcase> <!-- getPlace -->
  <system-out/>
  <testcase name="updatePlace" classname="DemoProj.Demo.AutomationpractTest">
    <skipped/>
  </testcase> <!-- updatePlace -->
  <system-out/>
</testsuite> <!-- DemoProj.Demo.AutomationpractTest -->
